<?xml version="1.0" encoding="UTF-8"?>
<testsuite name="com.example.project.StudentTest" tests="7" skipped="0" failures="0" errors="0" timestamp="2024-10-01T13:06:39" hostname="codespaces-fc5a06" time="0.081">
  <properties/>
  <testcase name="testIsPassing()" classname="com.example.project.StudentTest" time="0.04"/>
  <testcase name="testGetLastName()" classname="com.example.project.StudentTest" time="0.001"/>
  <testcase name="testGetFirstName()" classname="com.example.project.StudentTest" time="0.007"/>
  <testcase name="testSAddTestScore()" classname="com.example.project.StudentTest" time="0.003"/>
  <testcase name="testGetHighestTestScore()" classname="com.example.project.StudentTest" time="0.001"/>
  <testcase name="testSetGradYear()" classname="com.example.project.StudentTest" time="0.006"/>
  <testcase name="testAverageTestScore()" classname="com.example.project.StudentTest" time="0.004"/>
  <system-out><![CDATA[]]></system-out>
  <system-err><![CDATA[]]></system-err>
</testsuite>
